This is pdfTeX, Version 3.14159265-2.6-1.40.17 (MiKTeX 2.9.6100 64-bit) (preloaded format=latex 2016.12.24)  24 DEC 2016 14:16
entering extended mode
**./MA_Arbeit.tex
(MA_Arbeit.tex
LaTeX2e <2016/03/31> patch level 3
Babel <3.9r> and hyphenation patterns for 75 language(s) loaded.
("D:\Program Files\MiKTeX 2.9\tex\latex\koma-script\scrreprt.cls"
Document Class: scrreprt 2016/06/14 v3.21 KOMA-Script document class (report)
("D:\Program Files\MiKTeX 2.9\tex\latex\koma-script\scrkbase.sty"
Package: scrkbase 2016/06/14 v3.21 KOMA-Script package (KOMA-Script-dependent basics and keyval usage)

("D:\Program Files\MiKTeX 2.9\tex\latex\koma-script\scrbase.sty"
Package: scrbase 2016/06/14 v3.21 KOMA-Script package (KOMA-Script-independent basics and keyval usage)

("D:\Program Files\MiKTeX 2.9\tex\latex\graphics\keyval.sty"
Package: keyval 2014/10/28 v1.15 key=value parser (DPC)
\KV@toks@=\toks14
)
("D:\Program Files\MiKTeX 2.9\tex\latex\koma-script\scrlfile.sty"
Package: scrlfile 2016/06/14 v3.21 KOMA-Script package (loading files)

Package scrlfile, 2016/06/14 v3.21 KOMA-Script package (loading files)
                  Copyright (C) Markus Kohm

))) ("D:\Program Files\MiKTeX 2.9\tex\latex\koma-script\tocbasic.sty"
Package: tocbasic 2016/06/14 v3.21 KOMA-Script package (handling toc-files)
\scr@dte@tocline@numberwidth=\skip41
\scr@dte@tocline@numbox=\box26
)
Package tocbasic Info: omitting babel extension for `toc'
(tocbasic)             because of feature `nobabel' available
(tocbasic)             for `toc' on input line 132.
Package tocbasic Info: omitting babel extension for `lof'
(tocbasic)             because of feature `nobabel' available
(tocbasic)             for `lof' on input line 133.
Package tocbasic Info: omitting babel extension for `lot'
(tocbasic)             because of feature `nobabel' available
(tocbasic)             for `lot' on input line 134.
Package tocbasic Info: defining new hook before heading of `' on input line 1606.
Class scrreprt Info: You've used standard option `openright'.
(scrreprt)           This is correct!
(scrreprt)           Internally I'm using `open=right'.
(scrreprt)           If you'd like to set the option with \KOMAoptions,
(scrreprt)           you'd have to use `open=right' there
(scrreprt)           instead of `openright', too.


Class scrreprt Warning: You've used obsolete option `cleardoubleempty'.
(scrreprt)              Usage of this option indicates an old document
(scrreprt)              and changes compatibility level using
(scrreprt)              `cleardoublepage=empty,version=first,
(scrreprt)              enabledeprecatedfontcommands' that may result
(scrreprt)              in further warnings.
(scrreprt)              If you don't want this, you should simply
(scrreprt)              replace option `cleardoubleempty' by `cleardoublepage=empty'.

Class scrreprt Info: Switching compatibility level to `first'.

Class scrreprt Warning: deprecated option `enabledeprecatedfontcommands'.
(scrreprt)              Note, that this option was already depreacted when
(scrreprt)              it has been defined. Support for old font commands
(scrreprt)              has been removed from KOMA-Script more than one
(scrreprt)              decade ago. It is not recommended to use them any
(scrreprt)              longer. Therefore usage of this class option also
(scrreprt)              is not recommended.

Class scrreprt Info: File `scrsize11pt.clo' used instead of
(scrreprt)           file `scrsize11.clo' to setup font sizes on input line 2266.
("D:\Program Files\MiKTeX 2.9\tex\latex\koma-script\scrsize11pt.clo"
File: scrsize11pt.clo 2016/06/14 v3.21 KOMA-Script font size class option (11pt)
)
("D:\Program Files\MiKTeX 2.9\tex\latex\koma-script\typearea.sty"
Package: typearea 2016/06/14 v3.21 KOMA-Script package (type area)

Package typearea, 2016/06/14 v3.21 KOMA-Script package (type area)
                  Copyright (C) Frank Neukam, 1992-1994
                  Copyright (C) Markus Kohm, 1994-

\ta@bcor=\skip42
\ta@div=\count79
\ta@hblk=\skip43
\ta@vblk=\skip44
\ta@temp=\skip45
\footheight=\skip46
Package typearea Info: These are the values describing the layout:
(typearea)             DIV  = 10
(typearea)             BCOR = 0.0pt
(typearea)             \paperwidth      = 597.50793pt
(typearea)              \textwidth      = 418.25555pt
(typearea)              DIV departure   = -6%
(typearea)              \evensidemargin = 47.2316pt
(typearea)              \oddsidemargin  = -12.5192pt
(typearea)             \paperheight     = 845.04694pt
(typearea)              \textheight     = 595.80026pt
(typearea)              \topmargin      = -25.16531pt
(typearea)              \headheight     = 17.0pt
(typearea)              \headsep        = 20.40001pt
(typearea)              \topskip        = 11.0pt
(typearea)              \footskip       = 47.6pt
(typearea)              \baselineskip   = 13.6pt
(typearea)              on input line 1529.
)
\c@part=\count80
\c@chapter=\count81
\c@section=\count82
\c@subsection=\count83
\c@subsubsection=\count84
\c@paragraph=\count85
\c@subparagraph=\count86
\scr@dte@part@maxnumwidth=\skip47
\scr@dte@chapter@maxnumwidth=\skip48
\scr@dte@section@maxnumwidth=\skip49
\scr@dte@subsection@maxnumwidth=\skip50
\scr@dte@subsubsection@maxnumwidth=\skip51
\scr@dte@paragraph@maxnumwidth=\skip52
\scr@dte@subparagraph@maxnumwidth=\skip53
LaTeX Info: Redefining \textsubscript on input line 4780.
\abovecaptionskip=\skip54
\belowcaptionskip=\skip55
\c@pti@nb@sid@b@x=\box27
\c@figure=\count87
\c@table=\count88
Class scrreprt Info: Redefining `\numberline' on input line 5801.
\bibindent=\dimen102
) ("D:\Program Files\MiKTeX 2.9\tex\latex\psnfss\mathptmx.sty"
Package: mathptmx 2005/04/12 PSNFSS-v9.2a Times w/ Math, improved (SPQR, WaS) 
LaTeX Font Info:    Redeclaring symbol font `operators' on input line 28.
LaTeX Font Info:    Overwriting symbol font `operators' in version `normal'
(Font)                  OT1/cmr/m/n --> OT1/ztmcm/m/n on input line 28.
LaTeX Font Info:    Overwriting symbol font `operators' in version `bold'
(Font)                  OT1/cmr/bx/n --> OT1/ztmcm/m/n on input line 28.
LaTeX Font Info:    Redeclaring symbol font `letters' on input line 29.
LaTeX Font Info:    Overwriting symbol font `letters' in version `normal'
(Font)                  OML/cmm/m/it --> OML/ztmcm/m/it on input line 29.
LaTeX Font Info:    Overwriting symbol font `letters' in version `bold'
(Font)                  OML/cmm/b/it --> OML/ztmcm/m/it on input line 29.
LaTeX Font Info:    Redeclaring symbol font `symbols' on input line 30.
LaTeX Font Info:    Overwriting symbol font `symbols' in version `normal'
(Font)                  OMS/cmsy/m/n --> OMS/ztmcm/m/n on input line 30.
LaTeX Font Info:    Overwriting symbol font `symbols' in version `bold'
(Font)                  OMS/cmsy/b/n --> OMS/ztmcm/m/n on input line 30.
LaTeX Font Info:    Redeclaring symbol font `largesymbols' on input line 31.
LaTeX Font Info:    Overwriting symbol font `largesymbols' in version `normal'
(Font)                  OMX/cmex/m/n --> OMX/ztmcm/m/n on input line 31.
LaTeX Font Info:    Overwriting symbol font `largesymbols' in version `bold'
(Font)                  OMX/cmex/m/n --> OMX/ztmcm/m/n on input line 31.
\symbold=\mathgroup4
\symitalic=\mathgroup5
LaTeX Font Info:    Redeclaring math alphabet \mathbf on input line 34.
LaTeX Font Info:    Overwriting math alphabet `\mathbf' in version `normal'
(Font)                  OT1/cmr/bx/n --> OT1/ptm/bx/n on input line 34.
LaTeX Font Info:    Overwriting math alphabet `\mathbf' in version `bold'
(Font)                  OT1/cmr/bx/n --> OT1/ptm/bx/n on input line 34.
LaTeX Font Info:    Redeclaring math alphabet \mathit on input line 35.
LaTeX Font Info:    Overwriting math alphabet `\mathit' in version `normal'
(Font)                  OT1/cmr/m/it --> OT1/ptm/m/it on input line 35.
LaTeX Font Info:    Overwriting math alphabet `\mathit' in version `bold'
(Font)                  OT1/cmr/bx/it --> OT1/ptm/m/it on input line 35.
LaTeX Info: Redefining \hbar on input line 50.
)
("D:\Program Files\MiKTeX 2.9\tex\latex\psnfss\helvet.sty"
Package: helvet 2005/04/12 PSNFSS-v9.2a (WaS) 
) ("D:\Program Files\MiKTeX 2.9\tex\latex\psnfss\courier.sty"
Package: courier 2005/04/12 PSNFSS-v9.2a (WaS) 
) ("D:\Program Files\MiKTeX 2.9\tex\latex\base\fontenc.sty"
Package: fontenc 2016/06/19 v1.99m Standard LaTeX package
 ("D:\Program Files\MiKTeX 2.9\tex\latex\base\t1enc.def"
File: t1enc.def 2016/06/19 v1.99m Standard LaTeX file
LaTeX Font Info:    Redeclaring font encoding T1 on input line 48.
))
("D:\Program Files\MiKTeX 2.9\tex\latex\base\inputenc.sty"
Package: inputenc 2015/03/17 v1.2c Input encoding file
\inpenc@prehook=\toks15
\inpenc@posthook=\toks16
 ("D:\Program Files\MiKTeX 2.9\tex\latex\base\latin1.def"
File: latin1.def 2015/03/17 v1.2c Input encoding file
))

Class scrreprt Warning: Usage of package `fancyhdr' together
(scrreprt)              with a KOMA-Script class is not recommended.
(scrreprt)              I'd suggest to use 
(scrreprt)              package `scrlayer-scrpage'.
(scrreprt)              Nevertheless, using requested
(scrreprt)              package `fancyhdr' on input line 11.

("D:\Program Files\MiKTeX 2.9\tex\latex\fancyhdr\fancyhdr.sty"
Package: fancyhdr 2016/09/06 3.8 Extensive control of page headers and footers
\fancy@headwidth=\skip56
\f@ncyO@elh=\skip57
\f@ncyO@erh=\skip58
\f@ncyO@olh=\skip59
\f@ncyO@orh=\skip60
\f@ncyO@elf=\skip61
\f@ncyO@erf=\skip62
\f@ncyO@olf=\skip63
\f@ncyO@orf=\skip64
) ("D:\Program Files\MiKTeX 2.9\tex\generic\babel\babel.sty"
Package: babel 2016/04/23 3.9r The Babel package

*************************************
* Local config file bblopts.cfg used
*
("D:\Program Files\MiKTeX 2.9\tex\latex\arabi\bblopts.cfg"
File: bblopts.cfg 2005/09/08 v0.1 add Arabic and Farsi to "declared" options of babel
)
("D:\Program Files\MiKTeX 2.9\tex\latex\babel-german\ngerman.ldf"
Language: ngerman 2016/11/02 v2.9 German support for babel (new orthography)

("D:\Program Files\MiKTeX 2.9\tex\latex\babel-german\ngermanb.ldf"
Language: ngermanb 2016/11/02 v2.9 German support for babel (new orthography)

("D:\Program Files\MiKTeX 2.9\tex\generic\babel\babel.def"
File: babel.def 2016/04/23 3.9r Babel common definitions
\babel@savecnt=\count89
\U@D=\dimen103
)
Package babel Info: Making " an active character on input line 125.
))) ("D:\Program Files\MiKTeX 2.9\tex\latex\tools\varioref.sty"
Package: varioref 2016/02/16 v1.5c package for extended references (FMi)
\c@vrcnt=\count90
) ("D:\Program Files\MiKTeX 2.9\tex\latex\url\url.sty"
\Urlmuskip=\muskip10
Package: url 2013/09/16  ver 3.4  Verb mode for urls, etc.
) ("D:\Program Files\MiKTeX 2.9\tex\latex\amsmath\amsmath.sty"
Package: amsmath 2016/06/28 v2.15d AMS math features
\@mathmargin=\skip65

For additional information on amsmath, use the `?' option.
("D:\Program Files\MiKTeX 2.9\tex\latex\amsmath\amstext.sty"
Package: amstext 2000/06/29 v2.01 AMS text
 ("D:\Program Files\MiKTeX 2.9\tex\latex\amsmath\amsgen.sty"
File: amsgen.sty 1999/11/30 v2.0 generic functions
\@emptytoks=\toks17
\ex@=\dimen104
)) ("D:\Program Files\MiKTeX 2.9\tex\latex\amsmath\amsbsy.sty"
Package: amsbsy 1999/11/29 v1.2d Bold Symbols
\pmbraise@=\dimen105
)
("D:\Program Files\MiKTeX 2.9\tex\latex\amsmath\amsopn.sty"
Package: amsopn 2016/03/08 v2.02 operator names
)
\inf@bad=\count91
LaTeX Info: Redefining \frac on input line 199.
\uproot@=\count92
\leftroot@=\count93
LaTeX Info: Redefining \overline on input line 297.
\classnum@=\count94
\DOTSCASE@=\count95
LaTeX Info: Redefining \ldots on input line 394.
LaTeX Info: Redefining \dots on input line 397.
LaTeX Info: Redefining \cdots on input line 518.
\Mathstrutbox@=\box28
\strutbox@=\box29
\big@size=\dimen106
LaTeX Font Info:    Redeclaring font encoding OML on input line 634.
LaTeX Font Info:    Redeclaring font encoding OMS on input line 635.
\macc@depth=\count96
\c@MaxMatrixCols=\count97
\dotsspace@=\muskip11
\c@parentequation=\count98
\dspbrk@lvl=\count99
\tag@help=\toks18
\row@=\count100
\column@=\count101
\maxfields@=\count102
\andhelp@=\toks19
\eqnshift@=\dimen107
\alignsep@=\dimen108
\tagshift@=\dimen109
\tagwidth@=\dimen110
\totwidth@=\dimen111
\lineht@=\dimen112
\@envbody=\toks20
\multlinegap=\skip66
\multlinetaggap=\skip67
\mathdisplay@stack=\toks21
LaTeX Info: Redefining \[ on input line 2739.
LaTeX Info: Redefining \] on input line 2740.
)
("D:\Program Files\MiKTeX 2.9\tex\latex\amsfonts\amssymb.sty"
Package: amssymb 2013/01/14 v3.01 AMS font symbols

("D:\Program Files\MiKTeX 2.9\tex\latex\amsfonts\amsfonts.sty"
Package: amsfonts 2013/01/14 v3.01 Basic AMSFonts support
\symAMSa=\mathgroup6
\symAMSb=\mathgroup7
LaTeX Font Info:    Overwriting math alphabet `\mathfrak' in version `bold'
(Font)                  U/euf/m/n --> U/euf/b/n on input line 106.
))
("D:\Program Files\MiKTeX 2.9\tex\latex\graphics\graphicx.sty"
Package: graphicx 2014/10/28 v1.0g Enhanced LaTeX Graphics (DPC,SPQR)

("D:\Program Files\MiKTeX 2.9\tex\latex\graphics\graphics.sty"
Package: graphics 2016/07/10 v1.0t Standard LaTeX Graphics (DPC,SPQR)
 ("D:\Program Files\MiKTeX 2.9\tex\latex\graphics\trig.sty"
Package: trig 2016/01/03 v1.10 sin cos tan (DPC)
) ("D:\Program Files\MiKTeX 2.9\tex\latex\graphics-cfg\graphics.cfg"
File: graphics.cfg 2016/06/04 v1.11 sample graphics configuration
)
Package graphics Info: Driver file: dvips.def on input line 99.

("D:\Program Files\MiKTeX 2.9\tex\latex\graphics-def\dvips.def"
File: dvips.def 2016/07/10 v3.1a Driver-dependent file (DPC,SPQR)
))
\Gin@req@height=\dimen113
\Gin@req@width=\dimen114
)
("D:\Program Files\MiKTeX 2.9\tex\latex\natbib\natbib.sty"
Package: natbib 2010/09/13 8.31b (PWD, AO)
\bibhang=\skip68
\bibsep=\skip69
LaTeX Info: Redefining \cite on input line 694.
\c@NAT@ctr=\count103

Local config file natbib.cfg used
(natbib.cfg)) ("D:\Program Files\MiKTeX 2.9\tex\latex\nomencl\nomencl.sty"
Package: nomencl 2005/09/22 v4.2 Nomenclature package (LN)
\nomlabelwidth=\dimen115
\nom@tempdim=\dimen116
\nomitemsep=\skip70
)
\@nomenclaturefile=\write3
\openout3 = `MA_Arbeit.nlo'.


Writing nomenclature file MA_Arbeit.nlo
("D:\Program Files\MiKTeX 2.9\tex\latex\hyperref\hyperref.sty"
Package: hyperref 2016/06/24 v6.83q Hypertext links for LaTeX

("D:\Program Files\MiKTeX 2.9\tex\generic\oberdiek\hobsub-hyperref.sty"
Package: hobsub-hyperref 2016/05/16 v1.14 Bundle oberdiek, subset hyperref (HO)

("D:\Program Files\MiKTeX 2.9\tex\generic\oberdiek\hobsub-generic.sty"
Package: hobsub-generic 2016/05/16 v1.14 Bundle oberdiek, subset generic (HO)
Package: hobsub 2016/05/16 v1.14 Construct package bundles (HO)
Package: infwarerr 2016/05/16 v1.4 Providing info/warning/error messages (HO)
Package: ltxcmds 2016/05/16 v1.23 LaTeX kernel commands for general use (HO)
Package: ifluatex 2016/05/16 v1.4 Provides the ifluatex switch (HO)
Package ifluatex Info: LuaTeX not detected.
Package: ifvtex 2016/05/16 v1.6 Detect VTeX and its facilities (HO)
Package ifvtex Info: VTeX not detected.
Package: intcalc 2016/05/16 v1.2 Expandable calculations with integers (HO)
Package: ifpdf 2016/05/14 v3.1 Provides the ifpdf switch
Package: etexcmds 2016/05/16 v1.6 Avoid name clashes with e-TeX commands (HO)
Package etexcmds Info: Could not find \expanded.
(etexcmds)             That can mean that you are not using pdfTeX 1.50 or
(etexcmds)             that some package has redefined \expanded.
(etexcmds)             In the latter case, load this package earlier.
Package: kvsetkeys 2016/05/16 v1.17 Key value parser (HO)
Package: kvdefinekeys 2016/05/16 v1.4 Define keys (HO)
Package: pdftexcmds 2016/05/21 v0.22 Utility functions of pdfTeX for LuaTeX (HO)
Package pdftexcmds Info: LuaTeX not detected.
Package pdftexcmds Info: \pdf@primitive is available.
Package pdftexcmds Info: \pdf@ifprimitive is available.
Package pdftexcmds Info: \pdfdraftmode is ignored in DVI mode.
Package: pdfescape 2016/05/16 v1.14 Implements pdfTeX's escape features (HO)
Package: bigintcalc 2016/05/16 v1.4 Expandable calculations on big integers (HO)
Package: bitset 2016/05/16 v1.2 Handle bit-vector datatype (HO)
Package: uniquecounter 2016/05/16 v1.3 Provide unlimited unique counter (HO)
)
Package hobsub Info: Skipping package `hobsub' (already loaded).
Package: letltxmacro 2016/05/16 v1.5 Let assignment for LaTeX macros (HO)
Package: hopatch 2016/05/16 v1.3 Wrapper for package hooks (HO)
Package: xcolor-patch 2016/05/16 xcolor patch
Package: atveryend 2016/05/16 v1.9 Hooks at the very end of document (HO)
Package atveryend Info: \enddocument detected (standard20110627).
Package: atbegshi 2016/06/09 v1.18 At begin shipout hook (HO)
Package: refcount 2016/05/16 v3.5 Data extraction from label references (HO)
Package: hycolor 2016/05/16 v1.8 Color options for hyperref/bookmark (HO)
)
("D:\Program Files\MiKTeX 2.9\tex\generic\ifxetex\ifxetex.sty"
Package: ifxetex 2010/09/12 v0.6 Provides ifxetex conditional
)
("D:\Program Files\MiKTeX 2.9\tex\latex\oberdiek\auxhook.sty"
Package: auxhook 2016/05/16 v1.4 Hooks for auxiliary files (HO)
)
("D:\Program Files\MiKTeX 2.9\tex\latex\oberdiek\kvoptions.sty"
Package: kvoptions 2016/05/16 v3.12 Key value format for package options (HO)
)
\@linkdim=\dimen117
\Hy@linkcounter=\count104
\Hy@pagecounter=\count105

("D:\Program Files\MiKTeX 2.9\tex\latex\hyperref\pd1enc.def"
File: pd1enc.def 2016/06/24 v6.83q Hyperref: PDFDocEncoding definition (HO)
)
\Hy@SavedSpaceFactor=\count106

("D:\Program Files\MiKTeX 2.9\tex\latex\00miktex\hyperref.cfg"
File: hyperref.cfg 2002/06/06 v1.2 hyperref configuration of TeXLive
)
Package hyperref Info: Option `unicode' set `true' on input line 4362.

("D:\Program Files\MiKTeX 2.9\tex\latex\hyperref\puenc.def"
File: puenc.def 2016/06/24 v6.83q Hyperref: PDF Unicode definition (HO)
)
Package hyperref Info: Option `pdfusetitle' set `true' on input line 4362.
Package hyperref Info: Option `bookmarks' set `true' on input line 4362.
Package hyperref Info: Option `bookmarksnumbered' set `true' on input line 4362.
Package hyperref Info: Option `bookmarksopen' set `true' on input line 4362.
Package hyperref Info: Option `breaklinks' set `false' on input line 4362.
Package hyperref Info: Option `colorlinks' set `false' on input line 4362.
Package hyperref Info: Hyper figures OFF on input line 4486.
Package hyperref Info: Link nesting OFF on input line 4491.
Package hyperref Info: Hyper index ON on input line 4494.
Package hyperref Info: Plain pages OFF on input line 4501.
Package hyperref Info: Backreferencing ON on input line 4504.
Package hyperref Info: Implicit mode ON; LaTeX internals redefined.
Package hyperref Info: Bookmarks ON on input line 4735.
 ("D:\Program Files\MiKTeX 2.9\tex\latex\hyperref\backref.sty"
Package: backref 2016/05/21 v1.39 Bibliographical back referencing
 ("D:\Program Files\MiKTeX 2.9\tex\latex\oberdiek\rerunfilecheck.sty"
Package: rerunfilecheck 2016/05/16 v1.8 Rerun checks for auxiliary files (HO)
Package uniquecounter Info: New unique counter `rerunfilecheck' on input line 282.
))
\c@Hy@tempcnt=\count107
LaTeX Info: Redefining \url on input line 5088.
\XeTeXLinkMargin=\dimen118
\Fld@menulength=\count108
\Field@Width=\dimen119
\Fld@charsize=\dimen120
Package hyperref Info: Hyper figures OFF on input line 6342.
Package hyperref Info: Link nesting OFF on input line 6347.
Package hyperref Info: Hyper index ON on input line 6350.
Package hyperref Info: backreferencing ON on input line 6355.
Package hyperref Info: Link coloring OFF on input line 6362.
Package hyperref Info: Link coloring with OCG OFF on input line 6367.
Package hyperref Info: PDF/A mode OFF on input line 6372.
LaTeX Info: Redefining \ref on input line 6412.
LaTeX Info: Redefining \pageref on input line 6416.
\Hy@abspage=\count109
\c@Item=\count110
\c@Hfootnote=\count111
)

Package hyperref Message: Driver (default): hdvips.

("D:\Program Files\MiKTeX 2.9\tex\latex\hyperref\hdvips.def"
File: hdvips.def 2016/06/24 v6.83q Hyperref driver for dvips
 ("D:\Program Files\MiKTeX 2.9\tex\latex\hyperref\pdfmark.def"
File: pdfmark.def 2016/06/24 v6.83q Hyperref definitions for pdfmark specials
\pdf@docset=\toks22
\pdf@box=\box30
\pdf@toks=\toks23
\pdf@defaulttoks=\toks24
\HyField@AnnotCount=\count112
\Fld@listcount=\count113
\c@bookmark@seq@number=\count114
\Hy@SectionHShift=\skip71
)) ("D:\Program Files\MiKTeX 2.9\tex\latex\a4wide\a4wide.sty"
Package: a4wide 1994/08/30
 ("D:\Program Files\MiKTeX 2.9\tex\latex\ntgclass\a4.sty"
Package: a4 2004/04/15 v1.2g A4 based page layout
)) ("D:\Program Files\MiKTeX 2.9\tex\latex\graphics\color.sty"
Package: color 2016/07/10 v1.1e Standard LaTeX Color (DPC)

("D:\Program Files\MiKTeX 2.9\tex\latex\graphics-cfg\color.cfg"
File: color.cfg 2016/01/02 v1.6 sample color configuration
)
Package color Info: Driver file: dvips.def on input line 147.

("D:\Program Files\MiKTeX 2.9\tex\latex\graphics\dvipsnam.def"
File: dvipsnam.def 2016/06/17 v3.0m Driver-dependent file (DPC,SPQR)
))
("D:\Program Files\MiKTeX 2.9\tex\latex\totpages\totpages.sty"
Package: totpages 2005/09/19 v2.00 Totpages Package (muewi)
 ("D:\Program Files\MiKTeX 2.9\tex\latex\ms\everyshi.sty"
Package: everyshi 2001/05/15 v3.00 EveryShipout Package (MS)
)) ("D:\Program Files\MiKTeX 2.9\tex\latex\oberdiek\hypcap.sty"
Package: hypcap 2016/05/16 v1.12 Adjusting the anchors of captions (HO)
)
("D:\Program Files\MiKTeX 2.9\tex\latex\pdfpages\pdfpages.sty"
Package: pdfpages 2016/12/11 v0.5g Insert pages of external PDF documents (AM)
 ("D:\Program Files\MiKTeX 2.9\tex\latex\base\ifthen.sty"
Package: ifthen 2014/09/29 v1.1c Standard LaTeX ifthen package (DPC)
) ("D:\Program Files\MiKTeX 2.9\tex\latex\tools\calc.sty"
Package: calc 2014/10/28 v4.3 Infix arithmetic (KKT,FJ)
\calc@Acount=\count115
\calc@Bcount=\count116
\calc@Adimen=\dimen121
\calc@Bdimen=\dimen122
\calc@Askip=\skip72
\calc@Bskip=\skip73
LaTeX Info: Redefining \setlength on input line 80.
LaTeX Info: Redefining \addtolength on input line 81.
\calc@Ccount=\count117
\calc@Cskip=\skip74
) ("D:\Program Files\MiKTeX 2.9\tex\latex\eso-pic\eso-pic.sty"
Package: eso-pic 2015/07/21 v2.0g eso-pic (RN)
)
\AM@pagewidth=\dimen123
\AM@pageheight=\dimen124

("D:\Program Files\MiKTeX 2.9\tex\latex\pdfpages\pppdftex.def"
File: pppdftex.def 2016/12/11 v0.5g Pdfpages driver for pdfTeX (AM)

("D:\Program Files\MiKTeX 2.9\tex\latex\pdfpages\ppnull.def"
File: ppnull.def 2016/12/11 v0.5g Pdfpages dummy driver (AM)


Package pdfpages Warning: I will use a dummy \includepdf command which
(pdfpages)                will insert empty pages instead of the actual PDF,
(pdfpages)                because we are running in DVI mode or with
(pdfpages)                dvips driver.

))
\AM@pagebox=\box31
\AM@global@opts=\toks25
\AM@toc@title=\toks26
\c@AM@survey=\count118
\AM@templatesizebox=\box32
) (MA_Arbeit.aux)
\openout1 = `MA_Arbeit.aux'.

LaTeX Font Info:    Checking defaults for OML/cmm/m/it on input line 159.
LaTeX Font Info:    ... okay on input line 159.
LaTeX Font Info:    Checking defaults for T1/cmr/m/n on input line 159.
LaTeX Font Info:    ... okay on input line 159.
LaTeX Font Info:    Checking defaults for OT1/cmr/m/n on input line 159.
LaTeX Font Info:    ... okay on input line 159.
LaTeX Font Info:    Checking defaults for OMS/cmsy/m/n on input line 159.
LaTeX Font Info:    ... okay on input line 159.
LaTeX Font Info:    Checking defaults for OMX/cmex/m/n on input line 159.
LaTeX Font Info:    ... okay on input line 159.
LaTeX Font Info:    Checking defaults for U/cmr/m/n on input line 159.
LaTeX Font Info:    ... okay on input line 159.
LaTeX Font Info:    Checking defaults for PD1/pdf/m/n on input line 159.
LaTeX Font Info:    ... okay on input line 159.
LaTeX Font Info:    Checking defaults for PU/pdf/m/n on input line 159.
LaTeX Font Info:    ... okay on input line 159.
LaTeX Font Info:    Try loading font information for T1+ptm on input line 159.
 ("D:\Program Files\MiKTeX 2.9\tex\latex\psnfss\t1ptm.fd"
File: t1ptm.fd 2001/06/04 font definitions for T1/ptm.
)
\AtBeginShipoutBox=\box33
Package backref Info: ** backref set up for natbib ** on input line 159.
Package hyperref Info: Link coloring OFF on input line 159.

("D:\Program Files\MiKTeX 2.9\tex\latex\hyperref\nameref.sty"
Package: nameref 2016/05/21 v2.44 Cross-referencing by name of section

("D:\Program Files\MiKTeX 2.9\tex\generic\oberdiek\gettitlestring.sty"
Package: gettitlestring 2016/05/16 v1.5 Cleanup title references (HO)
)
\c@section@level=\count119
LaTeX Info: Redefining \Ref on input line 515.
)
LaTeX Info: Redefining \ref on input line 159.
LaTeX Info: Redefining \pageref on input line 159.
LaTeX Info: Redefining \nameref on input line 159.
 (MA_Arbeit.out) (MA_Arbeit.out)
\@outlinefile=\write4
\openout4 = `MA_Arbeit.out'.

LaTeX Info: Redefining \Ref on input line 159.

ABD: EveryShipout initializing macros ("D:\Program Files\MiKTeX 2.9\tex\latex\oberdiek\pdflscape.sty"
Package: pdflscape 2016/05/14 v0.11 Display of landscape pages in PDF (HO)

("D:\Program Files\MiKTeX 2.9\tex\latex\graphics\lscape.sty"
Package: lscape 2000/10/22 v3.01 Landscape Pages (DPC)
)
Package pdflscape Info: Auto-detected driver: dvips (dvips) on input line 125.
)
LaTeX Font Info:    Font shape `T1/ptm/bx/n' in size <10.95> not available
(Font)              Font shape `T1/ptm/b/n' tried instead on input line 210.
LaTeX Font Info:    Font shape `T1/ptm/bx/n' in size <14.4> not available
(Font)              Font shape `T1/ptm/b/n' tried instead on input line 210.
LaTeX Font Info:    Try loading font information for T1+phv on input line 210.
 ("D:\Program Files\MiKTeX 2.9\tex\latex\psnfss\t1phv.fd"
File: t1phv.fd 2001/06/04 scalable font definitions for T1/phv.
)
LaTeX Font Info:    Font shape `T1/phv/bx/n' in size <10.95> not available
(Font)              Font shape `T1/phv/b/n' tried instead on input line 210.
LaTeX Font Info:    Font shape `T1/phv/bx/n' in size <20.74> not available
(Font)              Font shape `T1/phv/b/n' tried instead on input line 210.
LaTeX Font Info:    Font shape `T1/phv/bx/n' in size <12> not available
(Font)              Font shape `T1/phv/b/n' tried instead on input line 210.
LaTeX Font Info:    Try loading font information for OT1+ztmcm on input line 210.
("D:\Program Files\MiKTeX 2.9\tex\latex\psnfss\ot1ztmcm.fd"
File: ot1ztmcm.fd 2000/01/03 Fontinst v1.801 font definitions for OT1/ztmcm.
)
LaTeX Font Info:    Try loading font information for OML+ztmcm on input line 210.
 ("D:\Program Files\MiKTeX 2.9\tex\latex\psnfss\omlztmcm.fd"
File: omlztmcm.fd 2000/01/03 Fontinst v1.801 font definitions for OML/ztmcm.
)
LaTeX Font Info:    Try loading font information for OMS+ztmcm on input line 210.
 ("D:\Program Files\MiKTeX 2.9\tex\latex\psnfss\omsztmcm.fd"
File: omsztmcm.fd 2000/01/03 Fontinst v1.801 font definitions for OMS/ztmcm.
)
LaTeX Font Info:    Try loading font information for OMX+ztmcm on input line 210.
 ("D:\Program Files\MiKTeX 2.9\tex\latex\psnfss\omxztmcm.fd"
File: omxztmcm.fd 2000/01/03 Fontinst v1.801 font definitions for OMX/ztmcm.
)
LaTeX Font Info:    Try loading font information for OT1+ptm on input line 210.
 ("D:\Program Files\MiKTeX 2.9\tex\latex\psnfss\ot1ptm.fd"
File: ot1ptm.fd 2001/06/04 font definitions for OT1/ptm.
)
LaTeX Font Info:    Font shape `OT1/ptm/bx/n' in size <14.4> not available
(Font)              Font shape `OT1/ptm/b/n' tried instead on input line 210.
LaTeX Font Info:    Font shape `OT1/ptm/bx/n' in size <10.95> not available
(Font)              Font shape `OT1/ptm/b/n' tried instead on input line 210.
LaTeX Font Info:    Font shape `OT1/ptm/bx/n' in size <8> not available
(Font)              Font shape `OT1/ptm/b/n' tried instead on input line 210.


! LaTeX Error: File `bilder/Logo_FSU' not found.

See the LaTeX manual or LaTeX Companion for explanation.
Type  H <return>  for immediate help.
 ...                                              
                                                  
l.210 \newpage
              {}
I could not locate the file with any of these extensions:
.eps,.ps,.eps.gz,.ps.gz,.eps.Z,.mps
Try typing  <return>  to proceed.
If that doesn't work, type  X <return>  to quit.


! LaTeX Error: File `bilder/0_Logo_RLI' not found.

See the LaTeX manual or LaTeX Companion for explanation.
Type  H <return>  for immediate help.
 ...                                              
                                                  
l.210 \newpage
              {}
I could not locate the file with any of these extensions:
.eps,.ps,.eps.gz,.ps.gz,.eps.Z,.mps
Try typing  <return>  to proceed.
If that doesn't work, type  X <return>  to quit.

Package babel Info: Redefining ngerman shorthand "|
(babel)             in language  on input line 210.
Package babel Info: Redefining ngerman shorthand "~
(babel)             in language  on input line 210.
Package babel Info: Redefining ngerman shorthand "|
(babel)             in language  on input line 210.
Package babel Info: Redefining ngerman shorthand "~
(babel)             in language  on input line 210.
Package babel Info: Redefining ngerman shorthand "|
(babel)             in language  on input line 210.
Package babel Info: Redefining ngerman shorthand "~
(babel)             in language  on input line 210.
Package babel Info: Redefining ngerman shorthand "|
(babel)             in language  on input line 210.
Package babel Info: Redefining ngerman shorthand "~
(babel)             in language  on input line 210.
[1.1



]
Package babel Info: Redefining ngerman shorthand "|
(babel)             in language  on input line 210.
Package babel Info: Redefining ngerman shorthand "~
(babel)             in language  on input line 210.
Package babel Info: Redefining ngerman shorthand "|
(babel)             in language  on input line 210.
Package babel Info: Redefining ngerman shorthand "~
(babel)             in language  on input line 210.
 [2.2

]
LaTeX Font Info:    Font shape `OT1/ptm/bx/n' in size <6> not available
(Font)              Font shape `OT1/ptm/b/n' tried instead on input line 229.
Package babel Info: Redefining ngerman shorthand "|
(babel)             in language  on input line 234.
Package babel Info: Redefining ngerman shorthand "~
(babel)             in language  on input line 234.
Package babel Info: Redefining ngerman shorthand "|
(babel)             in language  on input line 234.
Package babel Info: Redefining ngerman shorthand "~
(babel)             in language  on input line 234.
 [3.3]
Package babel Info: Redefining ngerman shorthand "|
(babel)             in language  on input line 234.
Package babel Info: Redefining ngerman shorthand "~
(babel)             in language  on input line 234.
Package babel Info: Redefining ngerman shorthand "|
(babel)             in language  on input line 234.
Package babel Info: Redefining ngerman shorthand "~
(babel)             in language  on input line 234.
 [4.4


]
Underfull \hbox (badness 10000) in paragraph at lines 250--251

 []

Package babel Info: Redefining ngerman shorthand "|
(babel)             in language  on input line 255.
Package babel Info: Redefining ngerman shorthand "~
(babel)             in language  on input line 255.
Package babel Info: Redefining ngerman shorthand "|
(babel)             in language  on input line 255.
Package babel Info: Redefining ngerman shorthand "~
(babel)             in language  on input line 255.
[5.5]
Package babel Info: Redefining ngerman shorthand "|
(babel)             in language  on input line 256.
Package babel Info: Redefining ngerman shorthand "~
(babel)             in language  on input line 256.
Package babel Info: Redefining ngerman shorthand "|
(babel)             in language  on input line 256.
Package babel Info: Redefining ngerman shorthand "~
(babel)             in language  on input line 256.
 [6.6


] (MA_Arbeit.toc
Overfull \hbox (4.9669pt too wide) in paragraph at lines 11--11
 [][] [] [][]  
 []

)
\tf@toc=\write5
\openout5 = `MA_Arbeit.toc'.

Package babel Info: Redefining ngerman shorthand "|
(babel)             in language  on input line 262.
Package babel Info: Redefining ngerman shorthand "~
(babel)             in language  on input line 262.
LaTeX Font Info:    Font shape `T1/phv/bx/n' in size <14.4> not available
(Font)              Font shape `T1/phv/b/n' tried instead on input line 268.
 (MA_Arbeit.lof)
\tf@lof=\write6
\openout6 = `MA_Arbeit.lof'.

 (MA_Arbeit.lot)
\tf@lot=\write7
\openout7 = `MA_Arbeit.lot'.


No file MA_Arbeit.nls.

Underfull \vbox (badness 10000) has occurred while \output is active []

LaTeX Font Info:    Font shape `T1/phv/bx/n' in size <10> not available
(Font)              Font shape `T1/phv/b/n' tried instead on input line 282.
LaTeX Font Info:    Try loading font information for OMS+ptm on input line 282.

("D:\Program Files\MiKTeX 2.9\tex\latex\psnfss\omsptm.fd"
File: omsptm.fd 
)
LaTeX Font Info:    Font shape `OMS/ptm/m/n' in size <9> not available
(Font)              Font shape `OMS/cmsy/m/n' tried instead on input line 282.
Package babel Info: Redefining ngerman shorthand "|
(babel)             in language  on input line 282.
Package babel Info: Redefining ngerman shorthand "~
(babel)             in language  on input line 282.
Package babel Info: Redefining ngerman shorthand "|
(babel)             in language  on input line 282.
Package babel Info: Redefining ngerman shorthand "~
(babel)             in language  on input line 282.
 [7.7]

! LaTeX Error: File `bilder/tu_logo' not found.

See the LaTeX manual or LaTeX Companion for explanation.
Type  H <return>  for immediate help.
 ...                                              
                                                  
l.292 \includegraphics{bilder/tu_logo}
                                      
I could not locate the file with any of these extensions:
.eps,.ps,.eps.gz,.ps.gz,.eps.Z,.mps
Try typing  <return>  to proceed.
If that doesn't work, type  X <return>  to quit.

Package babel Info: Redefining ngerman shorthand "|
(babel)             in language  on input line 300.
Package babel Info: Redefining ngerman shorthand "~
(babel)             in language  on input line 300.
Package babel Info: Redefining ngerman shorthand "|
(babel)             in language  on input line 300.
Package babel Info: Redefining ngerman shorthand "~
(babel)             in language  on input line 300.
[8.8


]
chapter 1.
Package babel Info: Redefining ngerman shorthand "|
(babel)             in language  on input line 300.
Package babel Info: Redefining ngerman shorthand "~
(babel)             in language  on input line 300.
Package babel Info: Redefining ngerman shorthand "|
(babel)             in language  on input line 310.
Package babel Info: Redefining ngerman shorthand "~
(babel)             in language  on input line 310.
Package babel Info: Redefining ngerman shorthand "|
(babel)             in language  on input line 310.
Package babel Info: Redefining ngerman shorthand "~
(babel)             in language  on input line 310.
[9.9


]
Package babel Info: Redefining ngerman shorthand "|
(babel)             in language  on input line 310.
Package babel Info: Redefining ngerman shorthand "~
(babel)             in language  on input line 310.
Package babel Info: Redefining ngerman shorthand "|
(babel)             in language  on input line 310.
Package babel Info: Redefining ngerman shorthand "~
(babel)             in language  on input line 310.
 [10.10


]
chapter 2.
Package babel Info: Redefining ngerman shorthand "|
(babel)             in language  on input line 310.
Package babel Info: Redefining ngerman shorthand "~
(babel)             in language  on input line 310.
Package babel Info: Redefining ngerman shorthand "|
(babel)             in language  on input line 324.
Package babel Info: Redefining ngerman shorthand "~
(babel)             in language  on input line 324.
Package babel Info: Redefining ngerman shorthand "|
(babel)             in language  on input line 324.
Package babel Info: Redefining ngerman shorthand "~
(babel)             in language  on input line 324.
[11.11]
Package babel Info: Redefining ngerman shorthand "|
(babel)             in language  on input line 333.
Package babel Info: Redefining ngerman shorthand "~
(babel)             in language  on input line 333.
Package babel Info: Redefining ngerman shorthand "|
(babel)             in language  on input line 333.
Package babel Info: Redefining ngerman shorthand "~
(babel)             in language  on input line 333.
 [12.12]
chapter 3.
Package babel Info: Redefining ngerman shorthand "|
(babel)             in language  on input line 333.
Package babel Info: Redefining ngerman shorthand "~
(babel)             in language  on input line 333.
Package babel Info: Redefining ngerman shorthand "|
(babel)             in language  on input line 335.
Package babel Info: Redefining ngerman shorthand "~
(babel)             in language  on input line 335.

! LaTeX Error: File `bilder/Spannungsebenen' not found.

See the LaTeX manual or LaTeX Companion for explanation.
Type  H <return>  for immediate help.
 ...                                              
                                                  
l.341 \includegraphics{bilder/Spannungsebenen}
                                              
I could not locate the file with any of these extensions:
.eps,.ps,.eps.gz,.ps.gz,.eps.Z,.mps
Try typing  <return>  to proceed.
If that doesn't work, type  X <return>  to quit.

Package babel Info: Redefining ngerman shorthand "|
(babel)             in language  on input line 343.
Package babel Info: Redefining ngerman shorthand "~
(babel)             in language  on input line 343.

Overfull \hbox (11.17548pt too wide) in paragraph at lines 347--348
[]\T1/ptm/m/n/10.95 Kerber un-ter-sucht die Auf-nah-me-fä-hig-keit von Nie-der-span-nungs-net-zen für Ein-spei-sung aus 
Photovoltaik-
 []

Package babel Info: Redefining ngerman shorthand "|
(babel)             in language  on input line 350.
Package babel Info: Redefining ngerman shorthand "~
(babel)             in language  on input line 350.
Package babel Info: Redefining ngerman shorthand "|
(babel)             in language  on input line 350.
Package babel Info: Redefining ngerman shorthand "~
(babel)             in language  on input line 350.
[13.13


]
Package babel Info: Redefining ngerman shorthand "|
(babel)             in language  on input line 351.
Package babel Info: Redefining ngerman shorthand "~
(babel)             in language  on input line 351.
Package babel Info: Redefining ngerman shorthand "|
(babel)             in language  on input line 356.
Package babel Info: Redefining ngerman shorthand "~
(babel)             in language  on input line 356.
Package babel Info: Redefining ngerman shorthand "|
(babel)             in language  on input line 356.
Package babel Info: Redefining ngerman shorthand "~
(babel)             in language  on input line 356.
 [14.14]
chapter 4.
Package babel Info: Redefining ngerman shorthand "|
(babel)             in language  on input line 356.
Package babel Info: Redefining ngerman shorthand "~
(babel)             in language  on input line 356.
Package babel Info: Redefining ngerman shorthand "|
(babel)             in language  on input line 360.
Package babel Info: Redefining ngerman shorthand "~
(babel)             in language  on input line 360.
Package babel Info: Redefining ngerman shorthand "|
(babel)             in language  on input line 369.
Package babel Info: Redefining ngerman shorthand "~
(babel)             in language  on input line 369.
Package babel Info: Redefining ngerman shorthand "|
(babel)             in language  on input line 378.
Package babel Info: Redefining ngerman shorthand "~
(babel)             in language  on input line 378.
Package babel Info: Redefining ngerman shorthand "|
(babel)             in language  on input line 382.
Package babel Info: Redefining ngerman shorthand "~
(babel)             in language  on input line 382.
Package babel Info: Redefining ngerman shorthand "|
(babel)             in language  on input line 382.
Package babel Info: Redefining ngerman shorthand "~
(babel)             in language  on input line 382.
[15.15


]
Package babel Info: Redefining ngerman shorthand "|
(babel)             in language  on input line 403.
Package babel Info: Redefining ngerman shorthand "~
(babel)             in language  on input line 403.

Overfull \hbox (11.8646pt too wide) in paragraph at lines 409--411
[]\T1/ptm/m/n/10.95 Eine Stich-pro-be von 1146 ONS-Positionen im LVN-Gebiet.Gesamtanzahl an ONS im LVN-Gebiet:9400.
 []

Package babel Info: Redefining ngerman shorthand "|
(babel)             in language  on input line 426.
Package babel Info: Redefining ngerman shorthand "~
(babel)             in language  on input line 426.
Package babel Info: Redefining ngerman shorthand "|
(babel)             in language  on input line 429.
Package babel Info: Redefining ngerman shorthand "~
(babel)             in language  on input line 429.
Package babel Info: Redefining ngerman shorthand "|
(babel)             in language  on input line 429.
Package babel Info: Redefining ngerman shorthand "~
(babel)             in language  on input line 429.
[16.16]
Package babel Info: Redefining ngerman shorthand "|
(babel)             in language  on input line 433.
Package babel Info: Redefining ngerman shorthand "~
(babel)             in language  on input line 433.
Package babel Info: Redefining ngerman shorthand "|
(babel)             in language  on input line 436.
Package babel Info: Redefining ngerman shorthand "~
(babel)             in language  on input line 436.
Package babel Info: Redefining ngerman shorthand "|
(babel)             in language  on input line 436.
Package babel Info: Redefining ngerman shorthand "~
(babel)             in language  on input line 436.
 [17.17]
Package babel Info: Redefining ngerman shorthand "|
(babel)             in language  on input line 436.
Package babel Info: Redefining ngerman shorthand "~
(babel)             in language  on input line 436.
Package babel Info: Redefining ngerman shorthand "|
(babel)             in language  on input line 436.
Package babel Info: Redefining ngerman shorthand "~
(babel)             in language  on input line 436.
 [18.18


]
chapter 5.
Package babel Info: Redefining ngerman shorthand "|
(babel)             in language  on input line 436.
Package babel Info: Redefining ngerman shorthand "~
(babel)             in language  on input line 436.
Package babel Info: Redefining ngerman shorthand "|
(babel)             in language  on input line 438.
Package babel Info: Redefining ngerman shorthand "~
(babel)             in language  on input line 438.
Package babel Info: Redefining ngerman shorthand "|
(babel)             in language  on input line 448.
Package babel Info: Redefining ngerman shorthand "~
(babel)             in language  on input line 448.
Package babel Info: Redefining ngerman shorthand "|
(babel)             in language  on input line 467.
Package babel Info: Redefining ngerman shorthand "~
(babel)             in language  on input line 467.
Package babel Info: Redefining ngerman shorthand "|
(babel)             in language  on input line 470.
Package babel Info: Redefining ngerman shorthand "~
(babel)             in language  on input line 470.
Package babel Info: Redefining ngerman shorthand "|
(babel)             in language  on input line 470.
Package babel Info: Redefining ngerman shorthand "~
(babel)             in language  on input line 470.
[19.19]
Package babel Info: Redefining ngerman shorthand "|
(babel)             in language  on input line 470.
Package babel Info: Redefining ngerman shorthand "~
(babel)             in language  on input line 470.
Package babel Info: Redefining ngerman shorthand "|
(babel)             in language  on input line 470.
Package babel Info: Redefining ngerman shorthand "~
(babel)             in language  on input line 470.
 [20.20


]
chapter 6.
Package babel Info: Redefining ngerman shorthand "|
(babel)             in language  on input line 470.
Package babel Info: Redefining ngerman shorthand "~
(babel)             in language  on input line 470.
Package babel Info: Redefining ngerman shorthand "|
(babel)             in language  on input line 472.
Package babel Info: Redefining ngerman shorthand "~
(babel)             in language  on input line 472.
Package babel Info: Redefining ngerman shorthand "|
(babel)             in language  on input line 484.
Package babel Info: Redefining ngerman shorthand "~
(babel)             in language  on input line 484.
Package babel Info: Redefining ngerman shorthand "|
(babel)             in language  on input line 496.
Package babel Info: Redefining ngerman shorthand "~
(babel)             in language  on input line 496.
Package babel Info: Redefining ngerman shorthand "|
(babel)             in language  on input line 498.
Package babel Info: Redefining ngerman shorthand "~
(babel)             in language  on input line 498.
Package babel Info: Redefining ngerman shorthand "|
(babel)             in language  on input line 498.
Package babel Info: Redefining ngerman shorthand "~
(babel)             in language  on input line 498.
[21.21]
Package babel Info: Redefining ngerman shorthand "|
(babel)             in language  on input line 498.
Package babel Info: Redefining ngerman shorthand "~
(babel)             in language  on input line 498.
Package babel Info: Redefining ngerman shorthand "|
(babel)             in language  on input line 498.
Package babel Info: Redefining ngerman shorthand "~
(babel)             in language  on input line 498.
 [22.22


]
chapter 7.
Package babel Info: Redefining ngerman shorthand "|
(babel)             in language  on input line 498.
Package babel Info: Redefining ngerman shorthand "~
(babel)             in language  on input line 498.
Package babel Info: Redefining ngerman shorthand "|
(babel)             in language  on input line 502.
Package babel Info: Redefining ngerman shorthand "~
(babel)             in language  on input line 502.
Package babel Info: Redefining ngerman shorthand "|
(babel)             in language  on input line 502.
Package babel Info: Redefining ngerman shorthand "~
(babel)             in language  on input line 502.
[23.23]
Package babel Info: Redefining ngerman shorthand "|
(babel)             in language  on input line 505.
Package babel Info: Redefining ngerman shorthand "~
(babel)             in language  on input line 505.
 (MA_Arbeit.bbl (MA_Arbeit.brf)
\tf@brf=\write8
\openout8 = `MA_Arbeit.brf'.

Package babel Info: Redefining ngerman shorthand "|
(babel)             in language  on input line 1.
Package babel Info: Redefining ngerman shorthand "~
(babel)             in language  on input line 1.
Package babel Info: Redefining ngerman shorthand "|
(babel)             in language  on input line 1.
Package babel Info: Redefining ngerman shorthand "~
(babel)             in language  on input line 1.
 [24.24



]
LaTeX Font Info:    Try loading font information for T1+pcr on input line 15.
 ("D:\Program Files\MiKTeX 2.9\tex\latex\psnfss\t1pcr.fd"
File: t1pcr.fd 2001/06/04 font definitions for T1/pcr.
)
Underfull \hbox (badness 10000) in paragraph at lines 15--15
\T1/ptm/m/sc/10.95 BDEW\T1/ptm/m/n/10.95 :  \T1/ptm/m/it/10.95 Deut-sches Strom-netz ist 1,8 Mil-lio-nen Ki-lo-me-ter la
ng\T1/ptm/m/n/10.95 . --  URL
 []


Overfull \hbox (251.90236pt too wide) in paragraph at lines 15--15
[][][][]
 []


Underfull \hbox (badness 3189) in paragraph at lines 30--30
\T1/ptm/m/sc/10.95 Wi-ki\T1/ptm/m/n/10.95 , Open-Street-Map:  \T1/ptm/m/it/10.95 DE:Hauptseite --- Open-Street-Map Wi-ki
,\T1/ptm/m/n/10.95 .  2016. --  URL
 []


Overfull \hbox (72.75006pt too wide) in paragraph at lines 30--30
[][][][]\T1/ptm/m/n/10.95 .
 []

)
Package babel Info: Redefining ngerman shorthand "|
(babel)             in language  on input line 511.
Package babel Info: Redefining ngerman shorthand "~
(babel)             in language  on input line 511.
Package babel Info: Redefining ngerman shorthand "|
(babel)             in language  on input line 511.
Package babel Info: Redefining ngerman shorthand "~
(babel)             in language  on input line 511.
 [25.25]
Package atveryend Info: Empty hook `BeforeClearDocument' on input line 511.
Package atveryend Info: Empty hook `AfterLastShipout' on input line 511.
 (MA_Arbeit.aux)
Package atveryend Info: Empty hook `AtVeryEndDocument' on input line 511.
Package atveryend Info: Executing hook `AtEndAfterFileList' on input line 511.
Package rerunfilecheck Info: File `MA_Arbeit.out' has not changed.
(rerunfilecheck)             Checksum: 4AB1E3C74ABDE1F27B63D144B1FB368A;4977.
Package rerunfilecheck Info: File `MA_Arbeit.brf' has not changed.
(rerunfilecheck)             Checksum: D8F071D627C46912B124521A08E21549;133.
Package atveryend Info: Empty hook `AtVeryVeryEnd' on input line 511.
 ) 
Here is how much of TeX's memory you used:
 13655 strings out of 493334
 203529 string characters out of 3139219
 373577 words of memory out of 3000000
 16960 multiletter control sequences out of 15000+200000
 58636 words of font info for 70 fonts, out of 3000000 for 9000
 1143 hyphenation exceptions out of 8191
 41i,16n,66p,8843b,501s stack positions out of 5000i,500n,10000p,200000b,50000s

Output written on MA_Arbeit.dvi (25 pages, 78664 bytes).
