\BOOKMARK [0][]{chapter*.2}{\376\377\000V\000e\000r\000z\000e\000i\000c\000h\000n\000i\000s\000\040\000d\000e\000r\000\040\000A\000b\000b\000i\000l\000d\000u\000n\000g\000e\000n\000\040\000u\000n\000d\000\040\000T\000a\000b\000e\000l\000l\000e\000n}{}% 1
\BOOKMARK [0][]{chapter.1}{\376\377\0001\000\040\000B\000e\000g\000r\000i\000f\000f\000s\000e\000r\000k\000l\000\344\000r\000u\000n\000g\000e\000n}{}% 2
\BOOKMARK [0][]{chapter.2}{\376\377\0002\000\040\000E\000i\000n\000l\000e\000i\000t\000u\000n\000g}{}% 3
\BOOKMARK [0][]{chapter.3}{\376\377\0003\000\040\000S\000t\000a\000n\000d\000\040\000d\000e\000r\000\040\000F\000o\000r\000s\000c\000h\000u\000n\000g}{}% 4
\BOOKMARK [1][-]{section.3.1}{\376\377\0003\000.\0001\000\040\000E\000r\000z\000e\000u\000g\000u\000n\000g\000\040\000k\000\374\000n\000s\000t\000l\000i\000c\000h\000e\000r\000\040\000N\000e\000t\000z\000e}{chapter.3}% 5
\BOOKMARK [1][-]{section.3.2}{\376\377\0003\000.\0002\000\040\000N\000u\000t\000z\000u\000n\000g\000\040\000u\000n\000d\000\040\000Q\000u\000a\000l\000i\000t\000\344\000t\000\040\000v\000o\000n\000\040\000V\000G\000I}{chapter.3}% 6
\BOOKMARK [1][-]{section.3.3}{\376\377\0003\000.\0003\000\040\000V\000e\000r\000f\000\374\000g\000b\000a\000r\000k\000e\000i\000t\000\040\000v\000o\000n\000\040\000D\000a\000t\000e\000n\000\040\000z\000u\000r\000\040\000N\000i\000e\000d\000e\000r\000s\000p\000a\000n\000n\000u\000n\000g\000\040\000i\000n\000\040\000f\000r\000e\000i\000e\000n\000\040\000G\000e\000o\000d\000a\000t\000e\000n\000b\000a\000n\000k\000e\000n}{chapter.3}% 7
\BOOKMARK [0][]{chapter.4}{\376\377\0004\000\040\000M\000e\000t\000h\000o\000d\000e\000n}{}% 8
\BOOKMARK [1][-]{section.4.1}{\376\377\0004\000.\0001\000\040\000E\000i\000g\000n\000u\000n\000g\000\040\000v\000o\000n\000\040\000O\000p\000e\000n\000S\000t\000r\000e\000e\000t\000M\000a\000p\000-\000D\000a\000t\000e\000n\000\040\000f\000\374\000r\000\040\000d\000i\000e\000\040\000M\000o\000d\000e\000l\000l\000i\000e\000r\000u\000n\000g\000\040\000v\000o\000n\000\040\000N\000i\000e\000d\000e\000r\000s\000p\000a\000n\000n\000u\000n\000g\000s\000n\000e\000t\000z\000e\000n}{chapter.4}% 9
\BOOKMARK [1][-]{section.4.2}{\376\377\0004\000.\0002\000\040\000S\000t\000a\000t\000i\000s\000t\000i\000s\000c\000h\000e\000\040\000A\000n\000a\000l\000y\000s\000e\000\040\000d\000e\000r\000\040\000L\000a\000g\000e\000\040\000v\000o\000n\000\040\000O\000r\000t\000s\000n\000e\000t\000z\000s\000t\000a\000t\000i\000o\000n\000e\000n}{chapter.4}% 10
\BOOKMARK [1][-]{section.4.3}{\376\377\0004\000.\0003\000\040\000P\000o\000s\000i\000t\000i\000o\000n\000i\000e\000r\000u\000n\000g\000\040\000d\000e\000r\000\040\000T\000r\000a\000n\000s\000f\000o\000r\000m\000a\000t\000o\000r\000e\000n}{chapter.4}% 11
\BOOKMARK [1][-]{section.4.4}{\376\377\0004\000.\0004\000\040\000I\000d\000e\000n\000t\000i\000f\000i\000z\000i\000e\000r\000u\000n\000g\000\040\000d\000e\000r\000\040\000N\000e\000t\000z\000b\000e\000z\000i\000r\000k\000e}{chapter.4}% 12
\BOOKMARK [1][-]{section.4.5}{\376\377\0004\000.\0005\000\040\000A\000b\000s\000c\000h\000\344\000t\000z\000u\000n\000g\000\040\000d\000e\000r\000\040\000T\000r\000a\000n\000s\000f\000o\000r\000m\000a\000t\000o\000r\000-\000L\000e\000i\000s\000t\000u\000n\000g}{chapter.4}% 13
\BOOKMARK [0][]{chapter.5}{\376\377\0005\000\040\000E\000r\000g\000e\000b\000n\000i\000s\000s\000e}{}% 14
\BOOKMARK [1][-]{section.5.1}{\376\377\0005\000.\0001\000\040\000V\000a\000l\000i\000d\000i\000e\000r\000u\000n\000g\000\040\000d\000e\000r\000\040\000E\000r\000g\000e\000b\000n\000i\000s\000s\000e}{chapter.5}% 15
\BOOKMARK [0][]{chapter.6}{\376\377\0006\000\040\000D\000i\000s\000k\000u\000s\000s\000i\000o\000n}{}% 16
\BOOKMARK [0][]{chapter.7}{\376\377\0007\000\040\000F\000a\000z\000i\000t}{}% 17
\BOOKMARK [0][]{section*.5}{\376\377\000L\000i\000t\000e\000r\000a\000t\000u\000r\000v\000e\000r\000z\000e\000i\000c\000h\000n\000i\000s}{}% 18
\BOOKMARK [0][]{appendix.A}{\376\377\000A\000\040\000R\000o\000h\000d\000a\000t\000e\000n}{}% 19
\BOOKMARK [0][]{appendix.B}{\376\377\000B\000\040\000D\000a\000t\000e\000n\000b\000l\000\344\000t\000t\000e\000r}{}% 20
